<?xml version="1.0" encoding="UTF-8"?>
<testng-results skipped="0" failed="0" ignored="0" total="1" passed="1">
  <reporter-output>
  </reporter-output>
  <suite name="Suite" duration-ms="27836" started-at="2020-09-18T00:04:50 IST" finished-at="2020-09-18T00:05:18 IST">
    <groups>
    </groups>
    <test name="Test" duration-ms="27836" started-at="2020-09-18T00:04:50 IST" finished-at="2020-09-18T00:05:18 IST">
      <class name="testCase.TestCase">
        <test-method status="PASS" signature="test1()[pri:0, instance:testCase.TestCase@3aefe5e5]" name="test1" duration-ms="27715" started-at="2020-09-18T00:04:50 IST" finished-at="2020-09-18T00:05:18 IST">
          <reporter-output>
          </reporter-output>
        </test-method> <!-- test1 -->
      </class> <!-- testCase.TestCase -->
    </test> <!-- Test -->
  </suite> <!-- Suite -->
</testng-results>
