<?xml version="1.0" encoding="UTF-8"?>
<testng-results skipped="0" failed="0" ignored="0" total="1" passed="1">
  <reporter-output>
  </reporter-output>
  <suite name="Gradle suite" duration-ms="46152" started-at="2020-09-25T17:19:08 IST" finished-at="2020-09-25T17:19:54 IST">
    <groups>
    </groups>
    <test name="Gradle test" duration-ms="46152" started-at="2020-09-25T17:19:08 IST" finished-at="2020-09-25T17:19:54 IST">
      <class name="testCase.TestCase">
        <test-method status="PASS" signature="test1()[pri:0, instance:testCase.TestCase@301c37be]" name="test1" duration-ms="46111" started-at="2020-09-25T17:19:08 IST" finished-at="2020-09-25T17:19:54 IST">
          <reporter-output>
          </reporter-output>
        </test-method> <!-- test1 -->
      </class> <!-- testCase.TestCase -->
    </test> <!-- Gradle test -->
  </suite> <!-- Gradle suite -->
</testng-results>
